2017/06/20 18:23:58 [error] [exception.CHttpException.404] exception 'CHttpException' with message 'Unable to resolve the request "Visita".' in C:\xampp\htdocs\servicio\framework\web\CWebApplication.php:286
Stack trace:
#0 C:\xampp\htdocs\servicio\framework\web\CWebApplication.php(141): CWebApplication->runController('Visita')
#1 C:\xampp\htdocs\servicio\framework\base\CApplication.php(169): CWebApplication->processRequest()
#2 C:\xampp\htdocs\servicio\wilpia\index.php(13): CApplication->run()
#3 {main}
REQUEST_URI=/servicio/wilpia/Visita.html
HTTP_REFERER=http://localhost/servicio/wilpia/Adolescente.html
---
2017/06/20 18:24:01 [error] [exception.CHttpException.404] exception 'CHttpException' with message 'Unable to resolve the request "Visita".' in C:\xampp\htdocs\servicio\framework\web\CWebApplication.php:286
Stack trace:
#0 C:\xampp\htdocs\servicio\framework\web\CWebApplication.php(141): CWebApplication->runController('Visita')
#1 C:\xampp\htdocs\servicio\framework\base\CApplication.php(169): CWebApplication->processRequest()
#2 C:\xampp\htdocs\servicio\wilpia\index.php(13): CApplication->run()
#3 {main}
REQUEST_URI=/servicio/wilpia/Visita.html
HTTP_REFERER=http://localhost/servicio/wilpia/Visitante.html
---
2017/06/20 18:24:05 [error] [exception.CHttpException.404] exception 'CHttpException' with message 'Unable to resolve the request "Visita".' in C:\xampp\htdocs\servicio\framework\web\CWebApplication.php:286
Stack trace:
#0 C:\xampp\htdocs\servicio\framework\web\CWebApplication.php(141): CWebApplication->runController('Visita')
#1 C:\xampp\htdocs\servicio\framework\base\CApplication.php(169): CWebApplication->processRequest()
#2 C:\xampp\htdocs\servicio\wilpia\index.php(13): CApplication->run()
#3 {main}
REQUEST_URI=/servicio/wilpia/Visita.html
HTTP_REFERER=http://localhost/servicio/wilpia/Visita.html
---
2017/06/20 19:22:38 [error] [exception.CHttpException.404] exception 'CHttpException' with message 'Unable to resolve the request "Visita".' in C:\xampp\htdocs\servicio\framework\web\CWebApplication.php:286
Stack trace:
#0 C:\xampp\htdocs\servicio\framework\web\CWebApplication.php(141): CWebApplication->runController('Visita')
#1 C:\xampp\htdocs\servicio\framework\base\CApplication.php(169): CWebApplication->processRequest()
#2 C:\xampp\htdocs\servicio\wilpia\index.php(13): CApplication->run()
#3 {main}
REQUEST_URI=/servicio/wilpia/Visita.html
HTTP_REFERER=http://localhost/servicio/wilpia/
---
2017/06/21 03:06:09 [error] [exception.CHttpException.404] exception 'CHttpException' with message 'No es posible resolver la solicitud "Visita/admin"' in C:\xampp\htdocs\servicio\framework\web\CWebApplication.php:286
Stack trace:
#0 C:\xampp\htdocs\servicio\framework\web\CWebApplication.php(141): CWebApplication->runController('Visita/admin')
#1 C:\xampp\htdocs\servicio\framework\base\CApplication.php(169): CWebApplication->processRequest()
#2 C:\xampp\htdocs\servicio\wilpia\index.php(13): CApplication->run()
#3 {main}
REQUEST_URI=/servicio/wilpia/Visita/admin.html
HTTP_REFERER=http://localhost/servicio/wilpia/
---
2017/06/21 03:06:21 [error] [exception.CHttpException.404] exception 'CHttpException' with message 'No es posible resolver la solicitud "Visita"' in C:\xampp\htdocs\servicio\framework\web\CWebApplication.php:286
Stack trace:
#0 C:\xampp\htdocs\servicio\framework\web\CWebApplication.php(141): CWebApplication->runController('Visita')
#1 C:\xampp\htdocs\servicio\framework\base\CApplication.php(169): CWebApplication->processRequest()
#2 C:\xampp\htdocs\servicio\wilpia\index.php(13): CApplication->run()
#3 {main}
REQUEST_URI=/servicio/wilpia/Visita.html
HTTP_REFERER=http://localhost/servicio/wilpia/Adolescente.html
---
2017/06/21 03:58:06 [error] [exception.CHttpException.404] exception 'CHttpException' with message 'No es posible resolver la solicitud "Visita/admin"' in C:\xampp\htdocs\servicio\framework\web\CWebApplication.php:286
Stack trace:
#0 C:\xampp\htdocs\servicio\framework\web\CWebApplication.php(141): CWebApplication->runController('Visita/admin')
#1 C:\xampp\htdocs\servicio\framework\base\CApplication.php(169): CWebApplication->processRequest()
#2 C:\xampp\htdocs\servicio\wilpia\index.php(13): CApplication->run()
#3 {main}
REQUEST_URI=/servicio/wilpia/Visita/admin.html
HTTP_REFERER=http://localhost/servicio/wilpia/
---
2017/06/21 03:58:14 [error] [exception.CHttpException.404] exception 'CHttpException' with message 'No es posible resolver la solicitud "Visita"' in C:\xampp\htdocs\servicio\framework\web\CWebApplication.php:286
Stack trace:
#0 C:\xampp\htdocs\servicio\framework\web\CWebApplication.php(141): CWebApplication->runController('Visita')
#1 C:\xampp\htdocs\servicio\framework\base\CApplication.php(169): CWebApplication->processRequest()
#2 C:\xampp\htdocs\servicio\wilpia\index.php(13): CApplication->run()
#3 {main}
REQUEST_URI=/servicio/wilpia/Visita.html
HTTP_REFERER=http://localhost/servicio/wilpia/Adolescente.html
---
2017/06/21 03:58:16 [error] [exception.CException] exception 'CException' with message 'Propiedad "Visitante"."fkEstado" no se encuentra definida.' in C:\xampp\htdocs\servicio\framework\base\CComponent.php:130
Stack trace:
#0 C:\xampp\htdocs\servicio\framework\db\ar\CActiveRecord.php(143): CComponent->__get('fkEstado')
#1 C:\xampp\htdocs\servicio\framework\web\helpers\CHtml.php(2255): CActiveRecord->__get('fkEstado')
#2 C:\xampp\htdocs\servicio\framework\web\helpers\CHtml.php(1980): CHtml::resolveValue(Object(Visitante), 'fkEstado')
#3 C:\xampp\htdocs\servicio\framework\web\helpers\CHtml.php(1257): CHtml::activeInputField('text', Object(Visitante), 'fkEstado', Array)
#4 C:\xampp\htdocs\servicio\framework\web\widgets\CActiveForm.php(657): CHtml::activeTextField(Object(Visitante), 'fkEstado', Array)
#5 C:\xampp\htdocs\servicio\wilpia\protected\views\visitante\_search.php(36): CActiveForm->textField(Object(Visitante), 'fkEstado')
#6 C:\xampp\htdocs\servicio\framework\web\CBaseController.php(126): require('C:\\xampp\\htdocs...')
#7 C:\xampp\htdocs\servicio\framework\web\CBaseController.php(95): CBaseController->renderInternal('C:\\xampp\\htdocs...', Array, true)
#8 C:\xampp\htdocs\servicio\framework\web\CController.php(869): CBaseController->renderFile('C:\\xampp\\htdocs...', Array, true)
#9 C:\xampp\htdocs\servicio\wilpia\protected\views\visitante\admin.php(34): CController->renderPartial('_search', Array)
#10 C:\xampp\htdocs\servicio\framework\web\CBaseController.php(126): require('C:\\xampp\\htdocs...')
#11 C:\xampp\htdocs\servicio\framework\web\CBaseController.php(95): CBaseController->renderInternal('C:\\xampp\\htdocs...', Array, true)
#12 C:\xampp\htdocs\servicio\framework\web\CController.php(869): CBaseController->renderFile('C:\\xampp\\htdocs...', Array, true)
#13 C:\xampp\htdocs\servicio\framework\web\CController.php(782): CController->renderPartial('admin', Array, true)
#14 C:\xampp\htdocs\servicio\wilpia\protected\controllers\VisitanteController.php(148): CController->render('admin', Array)
#15 C:\xampp\htdocs\servicio\framework\web\actions\CInlineAction.php(49): VisitanteController->actionAdmin()
#16 C:\xampp\htdocs\servicio\framework\web\CController.php(308): CInlineAction->runWithParams(Array)
#17 C:\xampp\htdocs\servicio\framework\web\filters\CFilterChain.php(133): CController->runAction(Object(CInlineAction))
#18 C:\xampp\htdocs\servicio\framework\web\filters\CFilter.php(40): CFilterChain->run()
#19 C:\xampp\htdocs\servicio\framework\web\CController.php(1145): CFilter->filter(Object(CFilterChain))
#20 C:\xampp\htdocs\servicio\framework\web\filters\CInlineFilter.php(58): CController->filterAccessControl(Object(CFilterChain))
#21 C:\xampp\htdocs\servicio\framework\web\filters\CFilterChain.php(130): CInlineFilter->filter(Object(CFilterChain))
#22 C:\xampp\htdocs\servicio\framework\web\CController.php(291): CFilterChain->run()
#23 C:\xampp\htdocs\servicio\framework\web\CController.php(265): CController->runActionWithFilters(Object(CInlineAction), Array)
#24 C:\xampp\htdocs\servicio\framework\web\CWebApplication.php(282): CController->run('')
#25 C:\xampp\htdocs\servicio\framework\web\CWebApplication.php(141): CWebApplication->runController('Visitante')
#26 C:\xampp\htdocs\servicio\framework\base\CApplication.php(169): CWebApplication->processRequest()
#27 C:\xampp\htdocs\servicio\wilpia\index.php(13): CApplication->run()
#28 {main}
REQUEST_URI=/servicio/wilpia/Visitante.html
HTTP_REFERER=http://localhost/servicio/wilpia/Visita.html
---
2017/06/21 03:58:57 [error] [exception.CHttpException.404] exception 'CHttpException' with message 'No es posible resolver la solicitud "Visita"' in C:\xampp\htdocs\servicio\framework\web\CWebApplication.php:286
Stack trace:
#0 C:\xampp\htdocs\servicio\framework\web\CWebApplication.php(141): CWebApplication->runController('Visita')
#1 C:\xampp\htdocs\servicio\framework\base\CApplication.php(169): CWebApplication->processRequest()
#2 C:\xampp\htdocs\servicio\wilpia\index.php(13): CApplication->run()
#3 {main}
REQUEST_URI=/servicio/wilpia/Visita.html
HTTP_REFERER=http://localhost/servicio/wilpia/Adolescente.html
---
2017/06/21 04:02:34 [error] [exception.CHttpException.404] exception 'CHttpException' with message 'No es posible resolver la solicitud "Visita/admin"' in C:\xampp\htdocs\servicio\framework\web\CWebApplication.php:286
Stack trace:
#0 C:\xampp\htdocs\servicio\framework\web\CWebApplication.php(141): CWebApplication->runController('Visita/admin')
#1 C:\xampp\htdocs\servicio\framework\base\CApplication.php(169): CWebApplication->processRequest()
#2 C:\xampp\htdocs\servicio\wilpia\index.php(13): CApplication->run()
#3 {main}
REQUEST_URI=/servicio/wilpia/Visita/admin.html
HTTP_REFERER=http://localhost/servicio/wilpia/
---
2017/06/21 04:04:23 [error] [exception.CHttpException.404] exception 'CHttpException' with message 'No es posible resolver la solicitud "Visita/admin"' in C:\xampp\htdocs\servicio\framework\web\CWebApplication.php:286
Stack trace:
#0 C:\xampp\htdocs\servicio\framework\web\CWebApplication.php(141): CWebApplication->runController('Visita/admin')
#1 C:\xampp\htdocs\servicio\framework\base\CApplication.php(169): CWebApplication->processRequest()
#2 C:\xampp\htdocs\servicio\wilpia\index.php(13): CApplication->run()
#3 {main}
REQUEST_URI=/servicio/wilpia/Visita/admin.html
HTTP_REFERER=http://localhost/servicio/wilpia/
---
2017/06/21 04:04:25 [error] [exception.CHttpException.404] exception 'CHttpException' with message 'No es posible resolver la solicitud "Visita/admin"' in C:\xampp\htdocs\servicio\framework\web\CWebApplication.php:286
Stack trace:
#0 C:\xampp\htdocs\servicio\framework\web\CWebApplication.php(141): CWebApplication->runController('Visita/admin')
#1 C:\xampp\htdocs\servicio\framework\base\CApplication.php(169): CWebApplication->processRequest()
#2 C:\xampp\htdocs\servicio\wilpia\index.php(13): CApplication->run()
#3 {main}
REQUEST_URI=/servicio/wilpia/Visita/admin.html
HTTP_REFERER=http://localhost/servicio/wilpia/
---
2017/06/21 04:04:49 [error] [exception.CHttpException.404] exception 'CHttpException' with message 'No es posible resolver la solicitud "Visita/admin"' in C:\xampp\htdocs\servicio\framework\web\CWebApplication.php:286
Stack trace:
#0 C:\xampp\htdocs\servicio\framework\web\CWebApplication.php(141): CWebApplication->runController('Visita/admin')
#1 C:\xampp\htdocs\servicio\framework\base\CApplication.php(169): CWebApplication->processRequest()
#2 C:\xampp\htdocs\servicio\wilpia\index.php(13): CApplication->run()
#3 {main}
REQUEST_URI=/servicio/wilpia/Visita/admin.html
HTTP_REFERER=http://localhost/servicio/wilpia/
---
2017/06/21 04:04:52 [error] [exception.CHttpException.404] exception 'CHttpException' with message 'No es posible resolver la solicitud "Visita"' in C:\xampp\htdocs\servicio\framework\web\CWebApplication.php:286
Stack trace:
#0 C:\xampp\htdocs\servicio\framework\web\CWebApplication.php(141): CWebApplication->runController('Visita')
#1 C:\xampp\htdocs\servicio\framework\base\CApplication.php(169): CWebApplication->processRequest()
#2 C:\xampp\htdocs\servicio\wilpia\index.php(13): CApplication->run()
#3 {main}
REQUEST_URI=/servicio/wilpia/Visita.html
HTTP_REFERER=http://localhost/servicio/wilpia/Adolescente.html
---
2017/06/21 04:04:53 [error] [exception.CException] exception 'CException' with message 'Propiedad "Visitante"."fkEstado" no se encuentra definida.' in C:\xampp\htdocs\servicio\framework\base\CComponent.php:130
Stack trace:
#0 C:\xampp\htdocs\servicio\framework\db\ar\CActiveRecord.php(143): CComponent->__get('fkEstado')
#1 C:\xampp\htdocs\servicio\framework\web\helpers\CHtml.php(2255): CActiveRecord->__get('fkEstado')
#2 C:\xampp\htdocs\servicio\framework\web\helpers\CHtml.php(1980): CHtml::resolveValue(Object(Visitante), 'fkEstado')
#3 C:\xampp\htdocs\servicio\framework\web\helpers\CHtml.php(1257): CHtml::activeInputField('text', Object(Visitante), 'fkEstado', Array)
#4 C:\xampp\htdocs\servicio\framework\web\widgets\CActiveForm.php(657): CHtml::activeTextField(Object(Visitante), 'fkEstado', Array)
#5 C:\xampp\htdocs\servicio\wilpia\protected\views\visitante\_search.php(36): CActiveForm->textField(Object(Visitante), 'fkEstado')
#6 C:\xampp\htdocs\servicio\framework\web\CBaseController.php(126): require('C:\\xampp\\htdocs...')
#7 C:\xampp\htdocs\servicio\framework\web\CBaseController.php(95): CBaseController->renderInternal('C:\\xampp\\htdocs...', Array, true)
#8 C:\xampp\htdocs\servicio\framework\web\CController.php(869): CBaseController->renderFile('C:\\xampp\\htdocs...', Array, true)
#9 C:\xampp\htdocs\servicio\wilpia\protected\views\visitante\admin.php(34): CController->renderPartial('_search', Array)
#10 C:\xampp\htdocs\servicio\framework\web\CBaseController.php(126): require('C:\\xampp\\htdocs...')
#11 C:\xampp\htdocs\servicio\framework\web\CBaseController.php(95): CBaseController->renderInternal('C:\\xampp\\htdocs...', Array, true)
#12 C:\xampp\htdocs\servicio\framework\web\CController.php(869): CBaseController->renderFile('C:\\xampp\\htdocs...', Array, true)
#13 C:\xampp\htdocs\servicio\framework\web\CController.php(782): CController->renderPartial('admin', Array, true)
#14 C:\xampp\htdocs\servicio\wilpia\protected\controllers\VisitanteController.php(148): CController->render('admin', Array)
#15 C:\xampp\htdocs\servicio\framework\web\actions\CInlineAction.php(49): VisitanteController->actionAdmin()
#16 C:\xampp\htdocs\servicio\framework\web\CController.php(308): CInlineAction->runWithParams(Array)
#17 C:\xampp\htdocs\servicio\framework\web\filters\CFilterChain.php(133): CController->runAction(Object(CInlineAction))
#18 C:\xampp\htdocs\servicio\framework\web\filters\CFilter.php(40): CFilterChain->run()
#19 C:\xampp\htdocs\servicio\framework\web\CController.php(1145): CFilter->filter(Object(CFilterChain))
#20 C:\xampp\htdocs\servicio\framework\web\filters\CInlineFilter.php(58): CController->filterAccessControl(Object(CFilterChain))
#21 C:\xampp\htdocs\servicio\framework\web\filters\CFilterChain.php(130): CInlineFilter->filter(Object(CFilterChain))
#22 C:\xampp\htdocs\servicio\framework\web\CController.php(291): CFilterChain->run()
#23 C:\xampp\htdocs\servicio\framework\web\CController.php(265): CController->runActionWithFilters(Object(CInlineAction), Array)
#24 C:\xampp\htdocs\servicio\framework\web\CWebApplication.php(282): CController->run('')
#25 C:\xampp\htdocs\servicio\framework\web\CWebApplication.php(141): CWebApplication->runController('Visitante')
#26 C:\xampp\htdocs\servicio\framework\base\CApplication.php(169): CWebApplication->processRequest()
#27 C:\xampp\htdocs\servicio\wilpia\index.php(13): CApplication->run()
#28 {main}
REQUEST_URI=/servicio/wilpia/Visitante.html
HTTP_REFERER=http://localhost/servicio/wilpia/Visita.html
---
